* using log directory ‘/home/biocbuild/bbs-3.1-bioc/meat/a4Reporting.Rcheck’
* using R Under development (unstable) (2015-02-23 r67879)
* using platform: x86_64-unknown-linux-gnu (64-bit)
* using session charset: UTF-8
* using option ‘--no-vignettes’
* checking for file ‘a4Reporting/DESCRIPTION’ ... OK
* checking extension type ... Package
* this is package ‘a4Reporting’ version ‘1.15.0’
* checking package namespace information ... OK
* checking package dependencies ... OK
* checking if this is a source package ... OK
* checking if there is a namespace ... OK
* checking for hidden files and directories ... OK
* checking for portable file names ... OK
* checking for sufficient/correct file permissions ... OK
* checking whether package ‘a4Reporting’ can be installed ... [6s/6s] OK
* checking installed package size ... OK
* checking package directory ... OK
* checking DESCRIPTION meta-information ... NOTE
Malformed Description field: should contain one or more complete sentences.
* checking top-level files ... OK
* checking for left-over files ... OK
* checking index information ... OK
* checking package subdirectories ... OK
* checking R files for non-ASCII characters ... OK
* checking R files for syntax errors ... OK
* checking whether the package can be loaded ... OK
* checking whether the package can be loaded with stated dependencies ... OK
* checking whether the package can be unloaded cleanly ... OK
* checking whether the namespace can be loaded with stated dependencies ... OK
* checking whether the namespace can be unloaded cleanly ... OK
* checking dependencies in R code ... NOTE
Packages in Depends field not imported from:
  ‘annaffy’ ‘methods’
  These packages need to be imported from (in the NAMESPACE file)
  for when this namespace is loaded but not attached.
Unexported objects imported by ':::' calls:
  ‘xtable:::xtable.data.frame’ ‘xtable:::xtable.matrix’
  See the note in ?`:::` about the use of this operator.
* checking S3 generic/method consistency ... OK
* checking replacement functions ... OK
* checking foreign function calls ... OK
* checking R code for possible problems ... OK
* checking Rd files ... OK
* checking Rd metadata ... OK
* checking Rd cross-references ... OK
* checking for missing documentation entries ... OK
* checking for code/documentation mismatches ... OK
* checking Rd \usage sections ... NOTE
S3 methods shown with full name in documentation object 'print.xtableAnnotationTable':
  ‘print.xtableAnnotationTable’

The \usage entries for S3 methods should use the \method markup and not
their full name.
See chapter ‘Writing R documentation files’ in the ‘Writing R
Extensions’ manual.
* checking Rd contents ... OK
* checking for unstated dependencies in examples ... OK
* checking examples ... [3s/3s] OK
* checking for unstated dependencies in ‘tests’ ... OK
* checking tests ... [4s/4s] OK
  Running ‘test.annotationTable.R’ [4s/4s]
* checking PDF version of manual ... OK
* DONE
Status: 3 NOTEs
