* using log directory ‘/home/biocbuild/bbs-3.1-bioc/meat/a4Preproc.Rcheck’
* using R Under development (unstable) (2015-02-23 r67879)
* using platform: x86_64-unknown-linux-gnu (64-bit)
* using session charset: UTF-8
* using option ‘--no-vignettes’
* checking for file ‘a4Preproc/DESCRIPTION’ ... OK
* checking extension type ... Package
* this is package ‘a4Preproc’ version ‘1.15.0’
* checking package namespace information ... OK
* checking package dependencies ... OK
* checking if this is a source package ... OK
* checking if there is a namespace ... OK
* checking for hidden files and directories ... OK
* checking for portable file names ... OK
* checking for sufficient/correct file permissions ... OK
* checking whether package ‘a4Preproc’ can be installed ... [6s/6s] OK
* checking installed package size ... OK
* checking package directory ... OK
* checking DESCRIPTION meta-information ... NOTE
Malformed Description field: should contain one or more complete sentences.
* checking top-level files ... OK
* checking for left-over files ... OK
* checking index information ... OK
* checking package subdirectories ... OK
* checking R files for non-ASCII characters ... OK
* checking R files for syntax errors ... OK
* checking whether the package can be loaded ... OK
* checking whether the package can be loaded with stated dependencies ... OK
* checking whether the package can be unloaded cleanly ... OK
* checking whether the namespace can be loaded with stated dependencies ... OK
* checking whether the namespace can be unloaded cleanly ... OK
* checking dependencies in R code ... NOTE
Package in Depends field not imported from: ‘methods’
  These packages need to be imported from (in the NAMESPACE file)
  for when this namespace is loaded but not attached.
* checking S3 generic/method consistency ... OK
* checking replacement functions ... OK
* checking foreign function calls ... OK
* checking R code for possible problems ... NOTE
addGeneInfo: no visible global function definition for ‘annotation’
addGeneInfo: no visible global function definition for ‘featureNames’
addGeneInfo: no visible global function definition for ‘featureData’
addGeneInfo: no visible global function definition for ‘pData’
addGeneInfo: no visible global function definition for ‘pData<-’
addGeneInfo: no visible global function definition for ‘featureData<-’
addGeneInfo: no visible global function definition for ‘fvarMetadata’
addGeneInfo: no visible global function definition for ‘fvarMetadata<-’
* checking Rd files ... OK
* checking Rd metadata ... OK
* checking Rd cross-references ... OK
* checking for missing documentation entries ... OK
* checking for code/documentation mismatches ... OK
* checking Rd \usage sections ... OK
* checking Rd contents ... OK
* checking for unstated dependencies in examples ... OK
* checking examples ... [5s/5s] OK
* checking PDF version of manual ... OK
* DONE
Status: 3 NOTEs
